#! /usr/bin/vvp
:ivl_version "10.1 (stable)";
:ivl_delay_selection "TYPICAL";
:vpi_time_precision + 0;
:vpi_module "system";
:vpi_module "vhdl_sys";
:vpi_module "v2005_math";
:vpi_module "va_math";
S_0x556685e98ed0 .scope module, "freeList64" "freeList64" 2 8;
 .timescale 0 0;
    .port_info 0 /INPUT 1 "RESET"
    .port_info 1 /INPUT 1 "SYS"
    .port_info 2 /INPUT 1 "enable_IN_FRAT"
    .port_info 3 /INPUT 1 "enable_IN_RRAT"
    .port_info 4 /INPUT 6 "RegID_IN_RRAT"
    .port_info 5 /OUTPUT 6 "free_register"
o0x7f1de7912018 .functor BUFZ 1, C4<z>; HiZ drive
v0x556685e990f0_0 .net "RESET", 0 0, o0x7f1de7912018;  0 drivers
o0x7f1de7912048 .functor BUFZ 6, C4<zzzzzz>; HiZ drive
v0x556685eb8fb0_0 .net "RegID_IN_RRAT", 5 0, o0x7f1de7912048;  0 drivers
o0x7f1de7912078 .functor BUFZ 1, C4<z>; HiZ drive
v0x556685eb9090_0 .net "SYS", 0 0, o0x7f1de7912078;  0 drivers
o0x7f1de79120a8 .functor BUFZ 1, C4<z>; HiZ drive
v0x556685eb9130_0 .net "enable_IN_FRAT", 0 0, o0x7f1de79120a8;  0 drivers
o0x7f1de79120d8 .functor BUFZ 1, C4<z>; HiZ drive
v0x556685eb91f0_0 .net "enable_IN_RRAT", 0 0, o0x7f1de79120d8;  0 drivers
v0x556685eb9300 .array "freeList", 0 63, 6 0;
v0x556685eb9bc0_0 .net "free_register", 5 0, L_0x556685eb9f00;  1 drivers
v0x556685eb9ca0_0 .var/i "i", 31 0;
v0x556685eb9d80_0 .var "loop_break", 0 0;
E_0x556685e8c880 .event posedge, v0x556685eb9090_0, v0x556685e990f0_0;
E_0x556685e8c5b0 .event negedge, v0x556685eb91f0_0;
E_0x556685e8bfa0 .event posedge, v0x556685eb91f0_0;
E_0x556685e984b0 .event posedge, v0x556685eb9130_0;
v0x556685eb9300_0 .array/port v0x556685eb9300, 0;
L_0x556685eb9f00 .part v0x556685eb9300_0, 0, 6;
    .scope S_0x556685e98ed0;
T_0 ;
    %pushi/vec4 0, 0, 32;
    %store/vec4 v0x556685eb9ca0_0, 0, 32;
T_0.0 ;
    %load/vec4 v0x556685eb9ca0_0;
    %cmpi/s 64, 0, 32;
    %jmp/0xz T_0.1, 5;
    %pushi/vec4 1, 0, 1;
    %ix/getv/s 3, v0x556685eb9ca0_0;
    %ix/load 4, 6, 0; part off
    %ix/load 5, 0, 0; Constant delay
    %assign/vec4/a/d v0x556685eb9300, 4, 5;
    %load/vec4 v0x556685eb9ca0_0;
    %pad/s 6;
    %ix/getv/s 3, v0x556685eb9ca0_0;
    %ix/load 4, 0, 0; Constant delay
    %assign/vec4/a/d v0x556685eb9300, 0, 4;
    %load/vec4 v0x556685eb9ca0_0;
    %addi 1, 0, 32;
    %store/vec4 v0x556685eb9ca0_0, 0, 32;
    %jmp T_0.0;
T_0.1 ;
    %end;
    .thread T_0;
    .scope S_0x556685e98ed0;
T_1 ;
    %wait E_0x556685e984b0;
    %pushi/vec4 0, 0, 32;
    %store/vec4 v0x556685eb9ca0_0, 0, 32;
T_1.0 ;
    %load/vec4 v0x556685eb9ca0_0;
    %cmpi/s 64, 0, 32;
    %jmp/0xz T_1.1, 5;
    %load/vec4 v0x556685eb9ca0_0;
    %cmpi/e 63, 0, 32;
    %jmp/0xz  T_1.2, 4;
    %pushi/vec4 0, 0, 7;
    %ix/getv/s 3, v0x556685eb9ca0_0;
    %ix/load 4, 0, 0; Constant delay
    %assign/vec4/a/d v0x556685eb9300, 0, 4;
    %jmp T_1.3;
T_1.2 ;
    %load/vec4 v0x556685eb9ca0_0;
    %pad/s 33;
    %addi 1, 0, 33;
    %ix/vec4/s 4;
    %load/vec4a v0x556685eb9300, 4;
    %ix/getv/s 3, v0x556685eb9ca0_0;
    %ix/load 4, 0, 0; Constant delay
    %assign/vec4/a/d v0x556685eb9300, 0, 4;
T_1.3 ;
    %load/vec4 v0x556685eb9ca0_0;
    %addi 1, 0, 32;
    %store/vec4 v0x556685eb9ca0_0, 0, 32;
    %jmp T_1.0;
T_1.1 ;
    %jmp T_1;
    .thread T_1;
    .scope S_0x556685e98ed0;
T_2 ;
    %wait E_0x556685e8bfa0;
    %pushi/vec4 0, 0, 32;
    %store/vec4 v0x556685eb9ca0_0, 0, 32;
T_2.0 ;
    %load/vec4 v0x556685eb9ca0_0;
    %cmpi/s 64, 0, 32;
    %jmp/0xz T_2.1, 5;
    %load/vec4 v0x556685eb9d80_0;
    %nor/r;
    %flag_set/vec4 8;
    %jmp/0xz  T_2.2, 8;
    %ix/getv/s 4, v0x556685eb9ca0_0;
    %load/vec4a v0x556685eb9300, 4;
    %parti/s 1, 6, 4;
    %cmpi/e 0, 0, 1;
    %jmp/0xz  T_2.4, 4;
    %pushi/vec4 1, 0, 1;
    %ix/getv/s 3, v0x556685eb9ca0_0;
    %ix/load 4, 6, 0; part off
    %ix/load 5, 0, 0; Constant delay
    %assign/vec4/a/d v0x556685eb9300, 4, 5;
    %load/vec4 v0x556685eb8fb0_0;
    %ix/getv/s 3, v0x556685eb9ca0_0;
    %ix/load 4, 0, 0; Constant delay
    %assign/vec4/a/d v0x556685eb9300, 0, 4;
    %pushi/vec4 1, 0, 1;
    %assign/vec4 v0x556685eb9d80_0, 0;
T_2.4 ;
T_2.2 ;
    %load/vec4 v0x556685eb9ca0_0;
    %addi 1, 0, 32;
    %store/vec4 v0x556685eb9ca0_0, 0, 32;
    %jmp T_2.0;
T_2.1 ;
    %jmp T_2;
    .thread T_2;
    .scope S_0x556685e98ed0;
T_3 ;
    %wait E_0x556685e8c5b0;
    %pushi/vec4 0, 0, 1;
    %assign/vec4 v0x556685eb9d80_0, 0;
    %jmp T_3;
    .thread T_3;
    .scope S_0x556685e98ed0;
T_4 ;
    %wait E_0x556685e8c880;
    %pushi/vec4 0, 0, 32;
    %store/vec4 v0x556685eb9ca0_0, 0, 32;
T_4.0 ;
    %load/vec4 v0x556685eb9ca0_0;
    %cmpi/s 64, 0, 32;
    %jmp/0xz T_4.1, 5;
    %pushi/vec4 1, 0, 1;
    %ix/getv/s 3, v0x556685eb9ca0_0;
    %ix/load 4, 6, 0; part off
    %ix/load 5, 0, 0; Constant delay
    %assign/vec4/a/d v0x556685eb9300, 4, 5;
    %load/vec4 v0x556685eb9ca0_0;
    %pad/s 6;
    %ix/getv/s 3, v0x556685eb9ca0_0;
    %ix/load 4, 0, 0; Constant delay
    %assign/vec4/a/d v0x556685eb9300, 0, 4;
    %load/vec4 v0x556685eb9ca0_0;
    %addi 1, 0, 32;
    %store/vec4 v0x556685eb9ca0_0, 0, 32;
    %jmp T_4.0;
T_4.1 ;
    %jmp T_4;
    .thread T_4;
# The file index is used to find the file name in the following table.
:file_names 3;
    "N/A";
    "<interactive>";
    "freeList64.v";
